c:\users\martin\documents\visual studio 2013\projects\netica\slrs\rdf\debug\rdf.pch
c:\users\martin\documents\visual studio 2013\projects\netica\slrs\rdf\debug\vc120.pdb
c:\users\martin\documents\visual studio 2013\projects\netica\slrs\rdf\debug\stdafx.obj
c:\users\martin\documents\visual studio 2013\projects\netica\slrs\rdf\debug\treesurvival.obj
c:\users\martin\documents\visual studio 2013\projects\netica\slrs\rdf\debug\treeregression.obj
c:\users\martin\documents\visual studio 2013\projects\netica\slrs\rdf\debug\treeprobability.obj
c:\users\martin\documents\visual studio 2013\projects\netica\slrs\rdf\debug\treeclassification.obj
c:\users\martin\documents\visual studio 2013\projects\netica\slrs\rdf\debug\tree.obj
c:\users\martin\documents\visual studio 2013\projects\netica\slrs\rdf\debug\datafloat.obj
c:\users\martin\documents\visual studio 2013\projects\netica\slrs\rdf\debug\datadouble.obj
c:\users\martin\documents\visual studio 2013\projects\netica\slrs\rdf\debug\datachar.obj
c:\users\martin\documents\visual studio 2013\projects\netica\slrs\rdf\debug\data.obj
c:\users\martin\documents\visual studio 2013\projects\netica\slrs\rdf\debug\assemblyinfo.obj
c:\users\martin\documents\visual studio 2013\projects\netica\slrs\rdf\debug\rdf.obj
c:\users\martin\documents\visual studio 2013\projects\netica\slrs\rdf\debug\forestsurvival.obj
c:\users\martin\documents\visual studio 2013\projects\netica\slrs\rdf\debug\forestregression.obj
c:\users\martin\documents\visual studio 2013\projects\netica\slrs\rdf\debug\forestprobability.obj
c:\users\martin\documents\visual studio 2013\projects\netica\slrs\rdf\debug\forestclassification.obj
c:\users\martin\documents\visual studio 2013\projects\netica\slrs\rdf\debug\forest.obj
c:\users\martin\documents\visual studio 2013\projects\netica\slrs\rdf\debug\.netframework,version=v4.5.assemblyattributes.obj
c:\users\martin\documents\visual studio 2013\projects\netica\slrs\rdf\debug\app.res
c:\users\martin\documents\visual studio 2013\projects\netica\slrs\rdf\debug\rdf.vcxprojresolveassemblyreference.cache
c:\users\martin\documents\visual studio 2013\projects\netica\slrs\debug\rdf.pdb
c:\users\martin\documents\visual studio 2013\projects\netica\slrs\rdf\debug\rdf.tlog\cl.command.1.tlog
c:\users\martin\documents\visual studio 2013\projects\netica\slrs\rdf\debug\rdf.tlog\cl.read.1.tlog
c:\users\martin\documents\visual studio 2013\projects\netica\slrs\rdf\debug\rdf.tlog\cl.write.1.tlog
c:\users\martin\documents\visual studio 2013\projects\netica\slrs\rdf\debug\rdf.tlog\link.3236-cvtres.read.1.tlog
c:\users\martin\documents\visual studio 2013\projects\netica\slrs\rdf\debug\rdf.tlog\link.3236-cvtres.write.1.tlog
c:\users\martin\documents\visual studio 2013\projects\netica\slrs\rdf\debug\rdf.tlog\link.3236-rc.read.1.tlog
c:\users\martin\documents\visual studio 2013\projects\netica\slrs\rdf\debug\rdf.tlog\link.3236-rc.write.1.tlog
c:\users\martin\documents\visual studio 2013\projects\netica\slrs\rdf\debug\rdf.tlog\link.3236.read.1.tlog
c:\users\martin\documents\visual studio 2013\projects\netica\slrs\rdf\debug\rdf.tlog\link.3236.write.1.tlog
c:\users\martin\documents\visual studio 2013\projects\netica\slrs\rdf\debug\rdf.tlog\link.4144-cvtres.read.1.tlog
c:\users\martin\documents\visual studio 2013\projects\netica\slrs\rdf\debug\rdf.tlog\link.4144-cvtres.write.1.tlog
c:\users\martin\documents\visual studio 2013\projects\netica\slrs\rdf\debug\rdf.tlog\link.4144-rc.read.1.tlog
c:\users\martin\documents\visual studio 2013\projects\netica\slrs\rdf\debug\rdf.tlog\link.4144-rc.write.1.tlog
c:\users\martin\documents\visual studio 2013\projects\netica\slrs\rdf\debug\rdf.tlog\link.4144.read.1.tlog
c:\users\martin\documents\visual studio 2013\projects\netica\slrs\rdf\debug\rdf.tlog\link.4144.write.1.tlog
c:\users\martin\documents\visual studio 2013\projects\netica\slrs\rdf\debug\rdf.tlog\link.command.1.tlog
c:\users\martin\documents\visual studio 2013\projects\netica\slrs\rdf\debug\rdf.tlog\link.read.1.tlog
c:\users\martin\documents\visual studio 2013\projects\netica\slrs\rdf\debug\rdf.tlog\link.write.1.tlog
c:\users\martin\documents\visual studio 2013\projects\netica\slrs\rdf\debug\rdf.tlog\metagen.read.1.tlog
c:\users\martin\documents\visual studio 2013\projects\netica\slrs\rdf\debug\rdf.tlog\metagen.write.1.tlog
c:\users\martin\documents\visual studio 2013\projects\netica\slrs\rdf\debug\rdf.tlog\rc.command.1.tlog
c:\users\martin\documents\visual studio 2013\projects\netica\slrs\rdf\debug\rdf.tlog\rc.read.1.tlog
c:\users\martin\documents\visual studio 2013\projects\netica\slrs\rdf\debug\rdf.tlog\rc.write.1.tlog
c:\users\martin\documents\visual studio 2013\projects\netica\slrs\rdf\debug\rdf.tlog\tzres.dll.bi
