c:\users\martin\documents\visual studio 2013\projects\netica\slrs\netwrapper\debug\vc120.pdb
c:\users\martin\documents\visual studio 2013\projects\netica\slrs\netwrapper\debug\netwrapper.obj
c:\users\martin\documents\visual studio 2013\projects\netica\slrs\netwrapper\debug\assemblyinfo.obj
c:\users\martin\documents\visual studio 2013\projects\netica\slrs\netwrapper\debug\segmentationnet.obj
c:\users\martin\documents\visual studio 2013\projects\netica\slrs\netwrapper\debug\.netframework,version=v4.5.assemblyattributes.obj
c:\users\martin\documents\visual studio 2013\projects\netica\slrs\debug\netwrapper.dll
c:\users\martin\documents\visual studio 2013\projects\netica\slrs\debug\netwrapper.pdb
c:\users\martin\documents\visual studio 2013\projects\netica\slrs\debug\netwrapper.lib
c:\users\martin\documents\visual studio 2013\projects\netica\slrs\debug\netwrapper.exp
c:\users\martin\documents\visual studio 2013\projects\netica\slrs\netwrapper\debug\app.res
c:\users\martin\documents\visual studio 2013\projects\netica\slrs\netwrapper\debug\netwrapper.tlog\cl.command.1.tlog
c:\users\martin\documents\visual studio 2013\projects\netica\slrs\netwrapper\debug\netwrapper.tlog\cl.read.1.tlog
c:\users\martin\documents\visual studio 2013\projects\netica\slrs\netwrapper\debug\netwrapper.tlog\cl.write.1.tlog
c:\users\martin\documents\visual studio 2013\projects\netica\slrs\netwrapper\debug\netwrapper.tlog\link.command.1.tlog
c:\users\martin\documents\visual studio 2013\projects\netica\slrs\netwrapper\debug\netwrapper.tlog\link.read.1.tlog
c:\users\martin\documents\visual studio 2013\projects\netica\slrs\netwrapper\debug\netwrapper.tlog\link.write.1.tlog
c:\users\martin\documents\visual studio 2013\projects\netica\slrs\netwrapper\debug\netwrapper.tlog\metagen.read.1.tlog
c:\users\martin\documents\visual studio 2013\projects\netica\slrs\netwrapper\debug\netwrapper.tlog\metagen.write.1.tlog
c:\users\martin\documents\visual studio 2013\projects\netica\slrs\netwrapper\debug\netwrapper.tlog\netwrapper.write.1u.tlog
c:\users\martin\documents\visual studio 2013\projects\netica\slrs\netwrapper\debug\netwrapper.tlog\rc.command.1.tlog
c:\users\martin\documents\visual studio 2013\projects\netica\slrs\netwrapper\debug\netwrapper.tlog\rc.read.1.tlog
c:\users\martin\documents\visual studio 2013\projects\netica\slrs\netwrapper\debug\netwrapper.tlog\rc.write.1.tlog
c:\users\martin\documents\visual studio 2013\projects\netica\slrs\netwrapper\debug\netwrapper.tlog\tzres.dll.bi
