Der Buildvorgang wurde am 20.10.2016 15:52:47 gestartet.
     1>Projekt "C:\Users\Martin\Documents\Visual Studio 2013\Projects\netica\SLRS\NetWrapper\NetWrapper.vcxproj" auf Knoten "2", Rebuild Ziel(e).
     1>ClCompile:
         C:\Program Files (x86)\Microsoft Visual Studio 12.0\VC\bin\CL.exe /c /AI"C:\Program Files (x86)\Reference Assemblies\Microsoft\Framework\.NETFramework\v4.5\\" /AI"C:\Program Files (x86)\Windows Kits\8.1\References\CommonConfiguration\Neutral" /AI"C:\Program Files (x86)\Reference Assemblies\Microsoft\Framework\.NETFramework\v4.5\Facades\\" /Zi /clr /nologo /W3 /WX- /Od /Oy- /D WIN32 /D _DEBUG /D _WINDLL /D _UNICODE /D UNICODE /EHa /MDd /GS /fp:precise /Zc:wchar_t /Zc:forScope /Fo"Debug\\" /Fd"Debug\vc120.pdb" /TP /FU"C:\Program Files (x86)\Reference Assemblies\Microsoft\Framework\.NETFramework\v4.5\mscorlib.dll" /FU"C:\Program Files (x86)\Reference Assemblies\Microsoft\Framework\.NETFramework\v4.5\System.Data.dll" /FU"C:\Program Files (x86)\Reference Assemblies\Microsoft\Framework\.NETFramework\v4.5\System.dll" /FU"C:\Program Files (x86)\Reference Assemblies\Microsoft\Framework\.NETFramework\v4.5\System.Xml.dll" /analyze- /errorReport:prompt /clr:nostdlib AssemblyInfo.cpp NetWrapper.cpp
         AssemblyInfo.cpp
         NetWrapper.cpp
         Code wird generiert...
         C:\Program Files (x86)\Microsoft Visual Studio 12.0\VC\bin\CL.exe /c /Zi /nologo /W3 /WX- /Od /Oy- /D WIN32 /D _DEBUG /D _WINDLL /D _UNICODE /D UNICODE /EHa /MDd /GS /fp:precise /Zc:wchar_t /Zc:forScope /Fo"Debug\\" /Fd"Debug\vc120.pdb" /TC /analyze- /errorReport:prompt segmentationNet.c
         segmentationNet.c
     1>segmentationNet.c(535): warning C4244: '=': Konvertierung von 'double' in 'float', möglicher Datenverlust
     1>segmentationNet.c(545): warning C4244: '=': Konvertierung von 'double' in 'float', möglicher Datenverlust
     1>segmentationNet.c(555): warning C4244: '=': Konvertierung von 'double' in 'float', möglicher Datenverlust
         C:\Program Files (x86)\Microsoft Visual Studio 12.0\VC\bin\CL.exe /c /Zi /clr /nologo /W3 /WX- /Od /Oy- /D WIN32 /D _DEBUG /D _WINDLL /D _UNICODE /D UNICODE /EHa /MDd /GS /fp:precise /Zc:wchar_t /Zc:forScope /Fo"Debug\\" /Fd"Debug\vc120.pdb" /TP /analyze- /errorReport:prompt "C:\Users\Martin\AppData\Local\Temp\.NETFramework,Version=v4.5.AssemblyAttributes.cpp"
         .NETFramework,Version=v4.5.AssemblyAttributes.cpp
       ResourceCompile:
         C:\Program Files (x86)\Windows Kits\8.1\bin\x86\rc.exe /D _UNICODE /D UNICODE /l"0x0409" /nologo /fo"Debug\app.res" app.rc 
       Link:
         C:\Program Files (x86)\Microsoft Visual Studio 12.0\VC\bin\link.exe /ERRORREPORT:PROMPT /OUT:"C:\Users\Martin\Documents\Visual Studio 2013\Projects\netica\SLRS\Debug\NetWrapper.dll" /INCREMENTAL /NOLOGO /MANIFEST /MANIFESTUAC:"level='asInvoker' uiAccess='false'" /manifest:embed /DEBUG /PDB:"C:\Users\Martin\Documents\Visual Studio 2013\Projects\netica\SLRS\Debug\NetWrapper.pdb" /ASSEMBLYDEBUG /TLBID:1 /DYNAMICBASE /FIXED:NO /NXCOMPAT /MACHINE:X86 /DLL Debug\app.res
         Debug\AssemblyInfo.obj
         Debug\NetWrapper.obj
         Debug\segmentationNet.obj
         "Debug\.NETFramework,Version=v4.5.AssemblyAttributes.obj"
            Bibliothek "C:\Users\Martin\Documents\Visual Studio 2013\Projects\netica\SLRS\Debug\NetWrapper.lib" und Objekt "C:\Users\Martin\Documents\Visual Studio 2013\Projects\netica\SLRS\Debug\NetWrapper.exp" werden erstellt.
         NetWrapper.vcxproj -> C:\Users\Martin\Documents\Visual Studio 2013\Projects\netica\SLRS\Debug\NetWrapper.dll
     1>Die Erstellung des Projekts "C:\Users\Martin\Documents\Visual Studio 2013\Projects\netica\SLRS\NetWrapper\NetWrapper.vcxproj" ist abgeschlossen, Rebuild Ziel(e).

Build erfolgreich.

Verstrichene Zeit 00:00:03.25
